{"/home/denysm7/take-home-assignment-speak-cohort/src/app.ts": {"path":"/home/denysm7/take-home-assignment-speak-cohort/src/app.ts","statementMap":{"0":{"start":{"line":4,"column":12},"end":{"line":4,"column":21}},"1":{"start":{"line":5,"column":0},"end":{"line":5,"column":24}},"2":{"start":{"line":7,"column":0},"end":{"line":7,"column":16}}},"fnMap":{},"branchMap":{},"s":{"0":1,"1":1,"2":1},"f":{},"b":{},"_coverageSchema":"1a1c01bbd47fc00a2c39e90264f33305004495a9","hash":"7839a9dddaf1000766064017653967a933b9beed"}
,"/home/denysm7/take-home-assignment-speak-cohort/src/routes.ts": {"path":"/home/denysm7/take-home-assignment-speak-cohort/src/routes.ts","statementMap":{"0":{"start":{"line":5,"column":13},"end":{"line":5,"column":21}},"1":{"start":{"line":8,"column":0},"end":{"line":12,"column":3}},"2":{"start":{"line":9,"column":4},"end":{"line":11,"column":6}},"3":{"start":{"line":14,"column":0},"end":{"line":14,"column":49}},"4":{"start":{"line":15,"column":0},"end":{"line":15,"column":48}},"5":{"start":{"line":16,"column":0},"end":{"line":16,"column":48}},"6":{"start":{"line":17,"column":0},"end":{"line":17,"column":51}},"7":{"start":{"line":18,"column":0},"end":{"line":18,"column":54}}},"fnMap":{"0":{"name":"(anonymous_0)","decl":{"start":{"line":8,"column":16},"end":{"line":8,"column":17}},"loc":{"start":{"line":8,"column":47},"end":{"line":12,"column":1}},"line":8}},"branchMap":{},"s":{"0":1,"1":1,"2":0,"3":1,"4":1,"5":1,"6":1,"7":1},"f":{"0":0},"b":{},"_coverageSchema":"1a1c01bbd47fc00a2c39e90264f33305004495a9","hash":"98a0cdb7f3705dc9ef603e856dac77592d983cc8"}
,"/home/denysm7/take-home-assignment-speak-cohort/src/controllers/users.controller.ts": {"path":"/home/denysm7/take-home-assignment-speak-cohort/src/controllers/users.controller.ts","statementMap":{"0":{"start":{"line":5,"column":15},"end":{"line":5,"column":33}},"1":{"start":{"line":8,"column":18},"end":{"line":16,"column":5}},"2":{"start":{"line":9,"column":22},"end":{"line":9,"column":50}},"3":{"start":{"line":10,"column":8},"end":{"line":12,"column":9}},"4":{"start":{"line":11,"column":12},"end":{"line":11,"column":52}},"5":{"start":{"line":13,"column":8},"end":{"line":15,"column":11}},"6":{"start":{"line":18,"column":17},"end":{"line":33,"column":5}},"7":{"start":{"line":19,"column":42},"end":{"line":19,"column":54}},"8":{"start":{"line":20,"column":21},"end":{"line":26,"column":10}},"9":{"start":{"line":27,"column":8},"end":{"line":29,"column":9}},"10":{"start":{"line":28,"column":12},"end":{"line":28,"column":51}},"11":{"start":{"line":30,"column":8},"end":{"line":32,"column":11}},"12":{"start":{"line":35,"column":14},"end":{"line":48,"column":5}},"13":{"start":{"line":36,"column":23},"end":{"line":36,"column":37}},"14":{"start":{"line":37,"column":21},"end":{"line":41,"column":10}},"15":{"start":{"line":42,"column":8},"end":{"line":44,"column":9}},"16":{"start":{"line":43,"column":12},"end":{"line":43,"column":51}},"17":{"start":{"line":45,"column":8},"end":{"line":47,"column":11}},"18":{"start":{"line":50,"column":17},"end":{"line":75,"column":5}},"19":{"start":{"line":51,"column":23},"end":{"line":51,"column":37}},"20":{"start":{"line":52,"column":42},"end":{"line":52,"column":54}},"21":{"start":{"line":53,"column":21},"end":{"line":57,"column":10}},"22":{"start":{"line":58,"column":8},"end":{"line":70,"column":9}},"23":{"start":{"line":59,"column":32},"end":{"line":68,"column":14}},"24":{"start":{"line":69,"column":12},"end":{"line":69,"column":58}},"25":{"start":{"line":72,"column":8},"end":{"line":74,"column":11}},"26":{"start":{"line":77,"column":17},"end":{"line":97,"column":5}},"27":{"start":{"line":78,"column":23},"end":{"line":78,"column":37}},"28":{"start":{"line":79,"column":21},"end":{"line":83,"column":10}},"29":{"start":{"line":84,"column":8},"end":{"line":93,"column":9}},"30":{"start":{"line":85,"column":12},"end":{"line":89,"column":15}},"31":{"start":{"line":90,"column":12},"end":{"line":92,"column":15}},"32":{"start":{"line":94,"column":8},"end":{"line":96,"column":11}}},"fnMap":{"0":{"name":"(anonymous_0)","decl":{"start":{"line":8,"column":18},"end":{"line":8,"column":19}},"loc":{"start":{"line":8,"column":64},"end":{"line":16,"column":5}},"line":8},"1":{"name":"(anonymous_1)","decl":{"start":{"line":18,"column":17},"end":{"line":18,"column":18}},"loc":{"start":{"line":18,"column":63},"end":{"line":33,"column":5}},"line":18},"2":{"name":"(anonymous_2)","decl":{"start":{"line":35,"column":14},"end":{"line":35,"column":15}},"loc":{"start":{"line":35,"column":60},"end":{"line":48,"column":5}},"line":35},"3":{"name":"(anonymous_3)","decl":{"start":{"line":50,"column":17},"end":{"line":50,"column":18}},"loc":{"start":{"line":50,"column":63},"end":{"line":75,"column":5}},"line":50},"4":{"name":"(anonymous_4)","decl":{"start":{"line":77,"column":17},"end":{"line":77,"column":18}},"loc":{"start":{"line":77,"column":63},"end":{"line":97,"column":5}},"line":77}},"branchMap":{"0":{"loc":{"start":{"line":10,"column":8},"end":{"line":12,"column":9}},"type":"if","locations":[{"start":{"line":10,"column":8},"end":{"line":12,"column":9}},{"start":{},"end":{}}],"line":10},"1":{"loc":{"start":{"line":27,"column":8},"end":{"line":29,"column":9}},"type":"if","locations":[{"start":{"line":27,"column":8},"end":{"line":29,"column":9}},{"start":{},"end":{}}],"line":27},"2":{"loc":{"start":{"line":42,"column":8},"end":{"line":44,"column":9}},"type":"if","locations":[{"start":{"line":42,"column":8},"end":{"line":44,"column":9}},{"start":{},"end":{}}],"line":42},"3":{"loc":{"start":{"line":58,"column":8},"end":{"line":70,"column":9}},"type":"if","locations":[{"start":{"line":58,"column":8},"end":{"line":70,"column":9}},{"start":{},"end":{}}],"line":58},"4":{"loc":{"start":{"line":84,"column":8},"end":{"line":93,"column":9}},"type":"if","locations":[{"start":{"line":84,"column":8},"end":{"line":93,"column":9}},{"start":{},"end":{}}],"line":84}},"s":{"0":1,"1":1,"2":1,"3":1,"4":1,"5":0,"6":1,"7":1,"8":1,"9":1,"10":1,"11":0,"12":1,"13":1,"14":1,"15":1,"16":1,"17":0,"18":1,"19":1,"20":1,"21":1,"22":1,"23":1,"24":1,"25":0,"26":1,"27":1,"28":1,"29":1,"30":1,"31":1,"32":0},"f":{"0":1,"1":1,"2":1,"3":1,"4":1},"b":{"0":[1,0],"1":[1,0],"2":[1,0],"3":[1,0],"4":[1,0]},"_coverageSchema":"1a1c01bbd47fc00a2c39e90264f33305004495a9","hash":"5a69100947520821cb632560338f3a8eac4091c8"}
}
